[2023-06-19T11:40:15.657+0000] {processor.py:153} INFO - Started process (PID=2761) to work on /opt/airflow/dags/dag1.py
[2023-06-19T11:40:15.657+0000] {processor.py:743} INFO - Processing file /opt/airflow/dags/dag1.py for tasks to queue
[2023-06-19T11:40:15.658+0000] {logging_mixin.py:137} INFO - [2023-06-19T11:40:15.658+0000] {dagbag.py:538} INFO - Filling up the DagBag from /opt/airflow/dags/dag1.py
[2023-06-19T11:40:15.756+0000] {processor.py:753} INFO - DAG(s) dict_keys(['hello_world_dag']) retrieved from /opt/airflow/dags/dag1.py
[2023-06-19T11:40:16.084+0000] {logging_mixin.py:137} INFO - [2023-06-19T11:40:16.083+0000] {manager.py:504} INFO - Created Permission View: can delete on DAG:hello_world_dag
[2023-06-19T11:40:16.099+0000] {logging_mixin.py:137} INFO - [2023-06-19T11:40:16.099+0000] {manager.py:504} INFO - Created Permission View: can read on DAG:hello_world_dag
[2023-06-19T11:40:16.111+0000] {logging_mixin.py:137} INFO - [2023-06-19T11:40:16.110+0000] {manager.py:504} INFO - Created Permission View: can edit on DAG:hello_world_dag
[2023-06-19T11:40:16.111+0000] {logging_mixin.py:137} INFO - [2023-06-19T11:40:16.111+0000] {dag.py:2690} INFO - Sync 1 DAGs
[2023-06-19T11:40:16.123+0000] {logging_mixin.py:137} INFO - [2023-06-19T11:40:16.122+0000] {dag.py:2711} INFO - Creating ORM DAG for hello_world_dag
[2023-06-19T11:40:16.133+0000] {logging_mixin.py:137} INFO - [2023-06-19T11:40:16.133+0000] {dag.py:3441} INFO - Setting next_dagrun for hello_world_dag to 2023-05-01T00:00:00+00:00, run_after=2023-05-01T00:00:00+00:00
[2023-06-19T11:40:16.156+0000] {processor.py:175} INFO - Processing /opt/airflow/dags/dag1.py took 0.504 seconds
[2023-06-19T11:40:46.302+0000] {processor.py:153} INFO - Started process (PID=2797) to work on /opt/airflow/dags/dag1.py
[2023-06-19T11:40:46.303+0000] {processor.py:743} INFO - Processing file /opt/airflow/dags/dag1.py for tasks to queue
[2023-06-19T11:40:46.304+0000] {logging_mixin.py:137} INFO - [2023-06-19T11:40:46.304+0000] {dagbag.py:538} INFO - Filling up the DagBag from /opt/airflow/dags/dag1.py
[2023-06-19T11:40:46.322+0000] {processor.py:753} INFO - DAG(s) dict_keys(['hello_world_dag']) retrieved from /opt/airflow/dags/dag1.py
[2023-06-19T11:40:46.353+0000] {logging_mixin.py:137} INFO - [2023-06-19T11:40:46.353+0000] {dag.py:2690} INFO - Sync 1 DAGs
[2023-06-19T11:40:46.388+0000] {logging_mixin.py:137} INFO - [2023-06-19T11:40:46.388+0000] {dag.py:3441} INFO - Setting next_dagrun for hello_world_dag to 2023-05-01T00:00:00+00:00, run_after=2023-05-01T00:00:00+00:00
[2023-06-19T11:40:46.418+0000] {processor.py:175} INFO - Processing /opt/airflow/dags/dag1.py took 0.120 seconds
[2023-06-19T11:41:16.534+0000] {processor.py:153} INFO - Started process (PID=2827) to work on /opt/airflow/dags/dag1.py
[2023-06-19T11:41:16.535+0000] {processor.py:743} INFO - Processing file /opt/airflow/dags/dag1.py for tasks to queue
[2023-06-19T11:41:16.535+0000] {logging_mixin.py:137} INFO - [2023-06-19T11:41:16.535+0000] {dagbag.py:538} INFO - Filling up the DagBag from /opt/airflow/dags/dag1.py
[2023-06-19T11:41:16.548+0000] {processor.py:753} INFO - DAG(s) dict_keys(['hello_world_dag']) retrieved from /opt/airflow/dags/dag1.py
[2023-06-19T11:41:16.569+0000] {logging_mixin.py:137} INFO - [2023-06-19T11:41:16.569+0000] {dag.py:2690} INFO - Sync 1 DAGs
[2023-06-19T11:41:16.591+0000] {logging_mixin.py:137} INFO - [2023-06-19T11:41:16.591+0000] {dag.py:3441} INFO - Setting next_dagrun for hello_world_dag to 2023-05-01T00:00:00+00:00, run_after=2023-05-01T00:00:00+00:00
[2023-06-19T11:41:16.615+0000] {processor.py:175} INFO - Processing /opt/airflow/dags/dag1.py took 0.084 seconds
[2023-06-19T11:41:46.647+0000] {processor.py:153} INFO - Started process (PID=2852) to work on /opt/airflow/dags/dag1.py
[2023-06-19T11:41:46.648+0000] {processor.py:743} INFO - Processing file /opt/airflow/dags/dag1.py for tasks to queue
[2023-06-19T11:41:46.649+0000] {logging_mixin.py:137} INFO - [2023-06-19T11:41:46.649+0000] {dagbag.py:538} INFO - Filling up the DagBag from /opt/airflow/dags/dag1.py
[2023-06-19T11:41:46.662+0000] {processor.py:753} INFO - DAG(s) dict_keys(['hello_world_dag']) retrieved from /opt/airflow/dags/dag1.py
[2023-06-19T11:41:46.686+0000] {logging_mixin.py:137} INFO - [2023-06-19T11:41:46.686+0000] {dag.py:2690} INFO - Sync 1 DAGs
[2023-06-19T11:41:46.709+0000] {logging_mixin.py:137} INFO - [2023-06-19T11:41:46.709+0000] {dag.py:3441} INFO - Setting next_dagrun for hello_world_dag to None, run_after=None
[2023-06-19T11:41:46.730+0000] {processor.py:175} INFO - Processing /opt/airflow/dags/dag1.py took 0.087 seconds
[2023-06-19T11:42:16.844+0000] {processor.py:153} INFO - Started process (PID=2891) to work on /opt/airflow/dags/dag1.py
[2023-06-19T11:42:16.845+0000] {processor.py:743} INFO - Processing file /opt/airflow/dags/dag1.py for tasks to queue
[2023-06-19T11:42:16.846+0000] {logging_mixin.py:137} INFO - [2023-06-19T11:42:16.845+0000] {dagbag.py:538} INFO - Filling up the DagBag from /opt/airflow/dags/dag1.py
[2023-06-19T11:42:16.859+0000] {processor.py:753} INFO - DAG(s) dict_keys(['hello_world_dag']) retrieved from /opt/airflow/dags/dag1.py
[2023-06-19T11:42:16.879+0000] {logging_mixin.py:137} INFO - [2023-06-19T11:42:16.879+0000] {dag.py:2690} INFO - Sync 1 DAGs
[2023-06-19T11:42:16.900+0000] {logging_mixin.py:137} INFO - [2023-06-19T11:42:16.900+0000] {dag.py:3441} INFO - Setting next_dagrun for hello_world_dag to None, run_after=None
[2023-06-19T11:42:16.921+0000] {processor.py:175} INFO - Processing /opt/airflow/dags/dag1.py took 0.080 seconds
[2023-06-19T11:42:46.979+0000] {processor.py:153} INFO - Started process (PID=2918) to work on /opt/airflow/dags/dag1.py
[2023-06-19T11:42:46.980+0000] {processor.py:743} INFO - Processing file /opt/airflow/dags/dag1.py for tasks to queue
[2023-06-19T11:42:46.981+0000] {logging_mixin.py:137} INFO - [2023-06-19T11:42:46.981+0000] {dagbag.py:538} INFO - Filling up the DagBag from /opt/airflow/dags/dag1.py
[2023-06-19T11:42:47.002+0000] {processor.py:753} INFO - DAG(s) dict_keys(['hello_world_dag']) retrieved from /opt/airflow/dags/dag1.py
[2023-06-19T11:42:47.033+0000] {logging_mixin.py:137} INFO - [2023-06-19T11:42:47.033+0000] {dag.py:2690} INFO - Sync 1 DAGs
[2023-06-19T11:42:47.073+0000] {logging_mixin.py:137} INFO - [2023-06-19T11:42:47.072+0000] {dag.py:3441} INFO - Setting next_dagrun for hello_world_dag to None, run_after=None
[2023-06-19T11:42:47.107+0000] {processor.py:175} INFO - Processing /opt/airflow/dags/dag1.py took 0.133 seconds
[2023-06-19T11:43:17.168+0000] {processor.py:153} INFO - Started process (PID=2956) to work on /opt/airflow/dags/dag1.py
[2023-06-19T11:43:17.169+0000] {processor.py:743} INFO - Processing file /opt/airflow/dags/dag1.py for tasks to queue
[2023-06-19T11:43:17.170+0000] {logging_mixin.py:137} INFO - [2023-06-19T11:43:17.170+0000] {dagbag.py:538} INFO - Filling up the DagBag from /opt/airflow/dags/dag1.py
[2023-06-19T11:43:17.188+0000] {processor.py:753} INFO - DAG(s) dict_keys(['hello_world_dag']) retrieved from /opt/airflow/dags/dag1.py
[2023-06-19T11:43:17.213+0000] {logging_mixin.py:137} INFO - [2023-06-19T11:43:17.212+0000] {dag.py:2690} INFO - Sync 1 DAGs
[2023-06-19T11:43:17.234+0000] {logging_mixin.py:137} INFO - [2023-06-19T11:43:17.234+0000] {dag.py:3441} INFO - Setting next_dagrun for hello_world_dag to None, run_after=None
[2023-06-19T11:43:17.256+0000] {processor.py:175} INFO - Processing /opt/airflow/dags/dag1.py took 0.093 seconds
[2023-06-19T11:43:47.336+0000] {processor.py:153} INFO - Started process (PID=2981) to work on /opt/airflow/dags/dag1.py
[2023-06-19T11:43:47.343+0000] {processor.py:743} INFO - Processing file /opt/airflow/dags/dag1.py for tasks to queue
[2023-06-19T11:43:47.344+0000] {logging_mixin.py:137} INFO - [2023-06-19T11:43:47.344+0000] {dagbag.py:538} INFO - Filling up the DagBag from /opt/airflow/dags/dag1.py
[2023-06-19T11:43:47.372+0000] {processor.py:753} INFO - DAG(s) dict_keys(['hello_world_dag']) retrieved from /opt/airflow/dags/dag1.py
[2023-06-19T11:43:47.405+0000] {logging_mixin.py:137} INFO - [2023-06-19T11:43:47.405+0000] {dag.py:2690} INFO - Sync 1 DAGs
[2023-06-19T11:43:47.441+0000] {logging_mixin.py:137} INFO - [2023-06-19T11:43:47.441+0000] {dag.py:3441} INFO - Setting next_dagrun for hello_world_dag to None, run_after=None
[2023-06-19T11:43:47.469+0000] {processor.py:175} INFO - Processing /opt/airflow/dags/dag1.py took 0.139 seconds
[2023-06-19T11:44:17.581+0000] {processor.py:153} INFO - Started process (PID=3020) to work on /opt/airflow/dags/dag1.py
[2023-06-19T11:44:17.582+0000] {processor.py:743} INFO - Processing file /opt/airflow/dags/dag1.py for tasks to queue
[2023-06-19T11:44:17.582+0000] {logging_mixin.py:137} INFO - [2023-06-19T11:44:17.582+0000] {dagbag.py:538} INFO - Filling up the DagBag from /opt/airflow/dags/dag1.py
[2023-06-19T11:44:17.598+0000] {processor.py:753} INFO - DAG(s) dict_keys(['hello_world_dag']) retrieved from /opt/airflow/dags/dag1.py
[2023-06-19T11:44:17.619+0000] {logging_mixin.py:137} INFO - [2023-06-19T11:44:17.618+0000] {dag.py:2690} INFO - Sync 1 DAGs
[2023-06-19T11:44:17.641+0000] {logging_mixin.py:137} INFO - [2023-06-19T11:44:17.640+0000] {dag.py:3441} INFO - Setting next_dagrun for hello_world_dag to None, run_after=None
[2023-06-19T11:44:17.661+0000] {processor.py:175} INFO - Processing /opt/airflow/dags/dag1.py took 0.085 seconds
[2023-06-19T11:44:47.701+0000] {processor.py:153} INFO - Started process (PID=3046) to work on /opt/airflow/dags/dag1.py
[2023-06-19T11:44:47.702+0000] {processor.py:743} INFO - Processing file /opt/airflow/dags/dag1.py for tasks to queue
[2023-06-19T11:44:47.702+0000] {logging_mixin.py:137} INFO - [2023-06-19T11:44:47.702+0000] {dagbag.py:538} INFO - Filling up the DagBag from /opt/airflow/dags/dag1.py
[2023-06-19T11:44:47.717+0000] {processor.py:753} INFO - DAG(s) dict_keys(['hello_world_dag']) retrieved from /opt/airflow/dags/dag1.py
[2023-06-19T11:44:47.744+0000] {logging_mixin.py:137} INFO - [2023-06-19T11:44:47.744+0000] {dag.py:2690} INFO - Sync 1 DAGs
[2023-06-19T11:44:47.769+0000] {logging_mixin.py:137} INFO - [2023-06-19T11:44:47.769+0000] {dag.py:3441} INFO - Setting next_dagrun for hello_world_dag to None, run_after=None
[2023-06-19T11:44:47.791+0000] {processor.py:175} INFO - Processing /opt/airflow/dags/dag1.py took 0.094 seconds
[2023-06-19T11:45:17.890+0000] {processor.py:153} INFO - Started process (PID=3085) to work on /opt/airflow/dags/dag1.py
[2023-06-19T11:45:17.891+0000] {processor.py:743} INFO - Processing file /opt/airflow/dags/dag1.py for tasks to queue
[2023-06-19T11:45:17.892+0000] {logging_mixin.py:137} INFO - [2023-06-19T11:45:17.892+0000] {dagbag.py:538} INFO - Filling up the DagBag from /opt/airflow/dags/dag1.py
[2023-06-19T11:45:17.905+0000] {processor.py:753} INFO - DAG(s) dict_keys(['hello_world_dag']) retrieved from /opt/airflow/dags/dag1.py
[2023-06-19T11:45:17.925+0000] {logging_mixin.py:137} INFO - [2023-06-19T11:45:17.925+0000] {dag.py:2690} INFO - Sync 1 DAGs
[2023-06-19T11:45:17.947+0000] {logging_mixin.py:137} INFO - [2023-06-19T11:45:17.947+0000] {dag.py:3441} INFO - Setting next_dagrun for hello_world_dag to None, run_after=None
[2023-06-19T11:45:17.969+0000] {processor.py:175} INFO - Processing /opt/airflow/dags/dag1.py took 0.083 seconds
[2023-06-19T11:45:48.016+0000] {processor.py:153} INFO - Started process (PID=3112) to work on /opt/airflow/dags/dag1.py
[2023-06-19T11:45:48.017+0000] {processor.py:743} INFO - Processing file /opt/airflow/dags/dag1.py for tasks to queue
[2023-06-19T11:45:48.018+0000] {logging_mixin.py:137} INFO - [2023-06-19T11:45:48.017+0000] {dagbag.py:538} INFO - Filling up the DagBag from /opt/airflow/dags/dag1.py
[2023-06-19T11:45:48.031+0000] {processor.py:753} INFO - DAG(s) dict_keys(['hello_world_dag']) retrieved from /opt/airflow/dags/dag1.py
[2023-06-19T11:45:48.054+0000] {logging_mixin.py:137} INFO - [2023-06-19T11:45:48.054+0000] {dag.py:2690} INFO - Sync 1 DAGs
[2023-06-19T11:45:48.079+0000] {logging_mixin.py:137} INFO - [2023-06-19T11:45:48.079+0000] {dag.py:3441} INFO - Setting next_dagrun for hello_world_dag to None, run_after=None
[2023-06-19T11:45:48.103+0000] {processor.py:175} INFO - Processing /opt/airflow/dags/dag1.py took 0.091 seconds
[2023-06-19T11:46:18.190+0000] {processor.py:153} INFO - Started process (PID=3151) to work on /opt/airflow/dags/dag1.py
[2023-06-19T11:46:18.190+0000] {processor.py:743} INFO - Processing file /opt/airflow/dags/dag1.py for tasks to queue
[2023-06-19T11:46:18.191+0000] {logging_mixin.py:137} INFO - [2023-06-19T11:46:18.191+0000] {dagbag.py:538} INFO - Filling up the DagBag from /opt/airflow/dags/dag1.py
[2023-06-19T11:46:18.204+0000] {processor.py:753} INFO - DAG(s) dict_keys(['hello_world_dag']) retrieved from /opt/airflow/dags/dag1.py
[2023-06-19T11:46:18.224+0000] {logging_mixin.py:137} INFO - [2023-06-19T11:46:18.224+0000] {dag.py:2690} INFO - Sync 1 DAGs
[2023-06-19T11:46:18.246+0000] {logging_mixin.py:137} INFO - [2023-06-19T11:46:18.246+0000] {dag.py:3441} INFO - Setting next_dagrun for hello_world_dag to None, run_after=None
[2023-06-19T11:46:18.267+0000] {processor.py:175} INFO - Processing /opt/airflow/dags/dag1.py took 0.081 seconds
[2023-06-19T11:46:48.326+0000] {processor.py:153} INFO - Started process (PID=3178) to work on /opt/airflow/dags/dag1.py
[2023-06-19T11:46:48.327+0000] {processor.py:743} INFO - Processing file /opt/airflow/dags/dag1.py for tasks to queue
[2023-06-19T11:46:48.328+0000] {logging_mixin.py:137} INFO - [2023-06-19T11:46:48.328+0000] {dagbag.py:538} INFO - Filling up the DagBag from /opt/airflow/dags/dag1.py
[2023-06-19T11:46:48.341+0000] {processor.py:753} INFO - DAG(s) dict_keys(['hello_world_dag']) retrieved from /opt/airflow/dags/dag1.py
[2023-06-19T11:46:48.362+0000] {logging_mixin.py:137} INFO - [2023-06-19T11:46:48.362+0000] {dag.py:2690} INFO - Sync 1 DAGs
[2023-06-19T11:46:48.385+0000] {logging_mixin.py:137} INFO - [2023-06-19T11:46:48.384+0000] {dag.py:3441} INFO - Setting next_dagrun for hello_world_dag to None, run_after=None
[2023-06-19T11:46:48.405+0000] {processor.py:175} INFO - Processing /opt/airflow/dags/dag1.py took 0.082 seconds
[2023-06-19T11:47:18.490+0000] {processor.py:153} INFO - Started process (PID=3216) to work on /opt/airflow/dags/dag1.py
[2023-06-19T11:47:18.491+0000] {processor.py:743} INFO - Processing file /opt/airflow/dags/dag1.py for tasks to queue
[2023-06-19T11:47:18.492+0000] {logging_mixin.py:137} INFO - [2023-06-19T11:47:18.492+0000] {dagbag.py:538} INFO - Filling up the DagBag from /opt/airflow/dags/dag1.py
[2023-06-19T11:47:18.505+0000] {processor.py:753} INFO - DAG(s) dict_keys(['hello_world_dag']) retrieved from /opt/airflow/dags/dag1.py
[2023-06-19T11:47:18.525+0000] {logging_mixin.py:137} INFO - [2023-06-19T11:47:18.525+0000] {dag.py:2690} INFO - Sync 1 DAGs
[2023-06-19T11:47:18.547+0000] {logging_mixin.py:137} INFO - [2023-06-19T11:47:18.547+0000] {dag.py:3441} INFO - Setting next_dagrun for hello_world_dag to None, run_after=None
[2023-06-19T11:47:18.568+0000] {processor.py:175} INFO - Processing /opt/airflow/dags/dag1.py took 0.081 seconds
[2023-06-19T11:47:48.622+0000] {processor.py:153} INFO - Started process (PID=3242) to work on /opt/airflow/dags/dag1.py
[2023-06-19T11:47:48.623+0000] {processor.py:743} INFO - Processing file /opt/airflow/dags/dag1.py for tasks to queue
[2023-06-19T11:47:48.623+0000] {logging_mixin.py:137} INFO - [2023-06-19T11:47:48.623+0000] {dagbag.py:538} INFO - Filling up the DagBag from /opt/airflow/dags/dag1.py
[2023-06-19T11:47:48.636+0000] {processor.py:753} INFO - DAG(s) dict_keys(['hello_world_dag']) retrieved from /opt/airflow/dags/dag1.py
[2023-06-19T11:47:48.658+0000] {logging_mixin.py:137} INFO - [2023-06-19T11:47:48.658+0000] {dag.py:2690} INFO - Sync 1 DAGs
[2023-06-19T11:47:48.680+0000] {logging_mixin.py:137} INFO - [2023-06-19T11:47:48.680+0000] {dag.py:3441} INFO - Setting next_dagrun for hello_world_dag to None, run_after=None
[2023-06-19T11:47:48.705+0000] {processor.py:175} INFO - Processing /opt/airflow/dags/dag1.py took 0.087 seconds
[2023-06-19T11:48:18.790+0000] {processor.py:153} INFO - Started process (PID=3280) to work on /opt/airflow/dags/dag1.py
[2023-06-19T11:48:18.791+0000] {processor.py:743} INFO - Processing file /opt/airflow/dags/dag1.py for tasks to queue
[2023-06-19T11:48:18.792+0000] {logging_mixin.py:137} INFO - [2023-06-19T11:48:18.792+0000] {dagbag.py:538} INFO - Filling up the DagBag from /opt/airflow/dags/dag1.py
[2023-06-19T11:48:18.805+0000] {processor.py:753} INFO - DAG(s) dict_keys(['hello_world_dag']) retrieved from /opt/airflow/dags/dag1.py
[2023-06-19T11:48:18.826+0000] {logging_mixin.py:137} INFO - [2023-06-19T11:48:18.826+0000] {dag.py:2690} INFO - Sync 1 DAGs
[2023-06-19T11:48:18.848+0000] {logging_mixin.py:137} INFO - [2023-06-19T11:48:18.848+0000] {dag.py:3441} INFO - Setting next_dagrun for hello_world_dag to None, run_after=None
[2023-06-19T11:48:18.870+0000] {processor.py:175} INFO - Processing /opt/airflow/dags/dag1.py took 0.083 seconds
[2023-06-19T11:48:24.831+0000] {processor.py:153} INFO - Started process (PID=3281) to work on /opt/airflow/dags/dag1.py
[2023-06-19T11:48:24.832+0000] {processor.py:743} INFO - Processing file /opt/airflow/dags/dag1.py for tasks to queue
[2023-06-19T11:48:24.832+0000] {logging_mixin.py:137} INFO - [2023-06-19T11:48:24.832+0000] {dagbag.py:538} INFO - Filling up the DagBag from /opt/airflow/dags/dag1.py
[2023-06-19T11:48:24.891+0000] {logging_mixin.py:137} INFO - [2023-06-19T11:48:24.847+0000] {dagbag.py:440} ERROR - Failed to bag_dag: /opt/airflow/dags/dag1.py
Traceback (most recent call last):
  File "/home/airflow/.local/lib/python3.7/site-packages/airflow/timetables/_cron.py", line 88, in validate
    croniter(self._expression)
  File "/home/airflow/.local/lib/python3.7/site-packages/croniter/croniter.py", line 166, in __init__
    self.expanded, self.nth_weekday_of_month = self.expand(expr_format, hash_id=hash_id)
  File "/home/airflow/.local/lib/python3.7/site-packages/croniter/croniter.py", line 778, in expand
    return cls._expand(expr_format, hash_id=hash_id)
  File "/home/airflow/.local/lib/python3.7/site-packages/croniter/croniter.py", line 624, in _expand
    raise CroniterBadCronError(cls.bad_length)
croniter.croniter.CroniterBadCronError: Exactly 5 or 6 columns has to be specified for iterator expression.

During handling of the above exception, another exception occurred:

Traceback (most recent call last):
  File "/home/airflow/.local/lib/python3.7/site-packages/airflow/models/dagbag.py", line 437, in _process_modules
    dag.validate()
  File "/home/airflow/.local/lib/python3.7/site-packages/airflow/models/dag.py", line 669, in validate
    self.timetable.validate()
  File "/home/airflow/.local/lib/python3.7/site-packages/airflow/timetables/_cron.py", line 90, in validate
    raise AirflowTimetableInvalid(str(e))
airflow.exceptions.AirflowTimetableInvalid: Exactly 5 or 6 columns has to be specified for iterator expression.
[2023-06-19T11:48:24.891+0000] {processor.py:755} WARNING - No viable dags retrieved from /opt/airflow/dags/dag1.py
[2023-06-19T11:48:24.917+0000] {processor.py:175} INFO - Processing /opt/airflow/dags/dag1.py took 0.090 seconds
[2023-06-19T11:48:34.954+0000] {processor.py:153} INFO - Started process (PID=3294) to work on /opt/airflow/dags/dag1.py
[2023-06-19T11:48:34.955+0000] {processor.py:743} INFO - Processing file /opt/airflow/dags/dag1.py for tasks to queue
[2023-06-19T11:48:34.956+0000] {logging_mixin.py:137} INFO - [2023-06-19T11:48:34.956+0000] {dagbag.py:538} INFO - Filling up the DagBag from /opt/airflow/dags/dag1.py
[2023-06-19T11:48:34.971+0000] {processor.py:753} INFO - DAG(s) dict_keys(['hello_world_dag']) retrieved from /opt/airflow/dags/dag1.py
[2023-06-19T11:48:35.024+0000] {logging_mixin.py:137} INFO - [2023-06-19T11:48:35.024+0000] {dag.py:2690} INFO - Sync 1 DAGs
[2023-06-19T11:48:35.046+0000] {logging_mixin.py:137} INFO - [2023-06-19T11:48:35.046+0000] {dag.py:3441} INFO - Setting next_dagrun for hello_world_dag to 2023-05-01T00:00:00+00:00, run_after=2023-05-01T00:01:00+00:00
[2023-06-19T11:48:35.079+0000] {processor.py:175} INFO - Processing /opt/airflow/dags/dag1.py took 0.129 seconds
[2023-06-19T11:49:02.208+0000] {processor.py:153} INFO - Started process (PID=3321) to work on /opt/airflow/dags/dag1.py
[2023-06-19T11:49:02.209+0000] {processor.py:743} INFO - Processing file /opt/airflow/dags/dag1.py for tasks to queue
[2023-06-19T11:49:02.210+0000] {logging_mixin.py:137} INFO - [2023-06-19T11:49:02.210+0000] {dagbag.py:538} INFO - Filling up the DagBag from /opt/airflow/dags/dag1.py
[2023-06-19T11:49:02.228+0000] {processor.py:753} INFO - DAG(s) dict_keys(['hello_world_dag_minute']) retrieved from /opt/airflow/dags/dag1.py
[2023-06-19T11:49:02.471+0000] {logging_mixin.py:137} INFO - [2023-06-19T11:49:02.471+0000] {manager.py:504} INFO - Created Permission View: can delete on DAG:hello_world_dag_minute
[2023-06-19T11:49:02.494+0000] {logging_mixin.py:137} INFO - [2023-06-19T11:49:02.494+0000] {manager.py:504} INFO - Created Permission View: can read on DAG:hello_world_dag_minute
[2023-06-19T11:49:02.512+0000] {logging_mixin.py:137} INFO - [2023-06-19T11:49:02.512+0000] {manager.py:504} INFO - Created Permission View: can edit on DAG:hello_world_dag_minute
[2023-06-19T11:49:02.513+0000] {logging_mixin.py:137} INFO - [2023-06-19T11:49:02.512+0000] {dag.py:2690} INFO - Sync 1 DAGs
[2023-06-19T11:49:02.531+0000] {logging_mixin.py:137} INFO - [2023-06-19T11:49:02.531+0000] {dag.py:2711} INFO - Creating ORM DAG for hello_world_dag_minute
[2023-06-19T11:49:02.546+0000] {logging_mixin.py:137} INFO - [2023-06-19T11:49:02.546+0000] {dag.py:3441} INFO - Setting next_dagrun for hello_world_dag_minute to 2023-05-01T00:00:00+00:00, run_after=2023-05-01T00:01:00+00:00
[2023-06-19T11:49:02.572+0000] {processor.py:175} INFO - Processing /opt/airflow/dags/dag1.py took 0.368 seconds
[2023-06-19T11:49:32.726+0000] {processor.py:153} INFO - Started process (PID=3359) to work on /opt/airflow/dags/dag1.py
[2023-06-19T11:49:32.726+0000] {processor.py:743} INFO - Processing file /opt/airflow/dags/dag1.py for tasks to queue
[2023-06-19T11:49:32.727+0000] {logging_mixin.py:137} INFO - [2023-06-19T11:49:32.727+0000] {dagbag.py:538} INFO - Filling up the DagBag from /opt/airflow/dags/dag1.py
[2023-06-19T11:49:32.747+0000] {processor.py:753} INFO - DAG(s) dict_keys(['hello_world_dag_minute']) retrieved from /opt/airflow/dags/dag1.py
[2023-06-19T11:49:32.772+0000] {logging_mixin.py:137} INFO - [2023-06-19T11:49:32.771+0000] {dag.py:2690} INFO - Sync 1 DAGs
[2023-06-19T11:49:32.795+0000] {logging_mixin.py:137} INFO - [2023-06-19T11:49:32.795+0000] {dag.py:3441} INFO - Setting next_dagrun for hello_world_dag_minute to 2023-05-01T00:00:00+00:00, run_after=2023-05-01T00:01:00+00:00
[2023-06-19T11:49:32.818+0000] {processor.py:175} INFO - Processing /opt/airflow/dags/dag1.py took 0.096 seconds
[2023-06-19T11:50:02.850+0000] {processor.py:153} INFO - Started process (PID=3385) to work on /opt/airflow/dags/dag1.py
[2023-06-19T11:50:02.850+0000] {processor.py:743} INFO - Processing file /opt/airflow/dags/dag1.py for tasks to queue
[2023-06-19T11:50:02.851+0000] {logging_mixin.py:137} INFO - [2023-06-19T11:50:02.851+0000] {dagbag.py:538} INFO - Filling up the DagBag from /opt/airflow/dags/dag1.py
[2023-06-19T11:50:02.865+0000] {processor.py:753} INFO - DAG(s) dict_keys(['hello_world_dag_minute']) retrieved from /opt/airflow/dags/dag1.py
[2023-06-19T11:50:02.886+0000] {logging_mixin.py:137} INFO - [2023-06-19T11:50:02.886+0000] {dag.py:2690} INFO - Sync 1 DAGs
[2023-06-19T11:50:02.910+0000] {logging_mixin.py:137} INFO - [2023-06-19T11:50:02.909+0000] {dag.py:3441} INFO - Setting next_dagrun for hello_world_dag_minute to 2023-05-01T00:00:00+00:00, run_after=2023-05-01T00:01:00+00:00
[2023-06-19T11:50:02.931+0000] {processor.py:175} INFO - Processing /opt/airflow/dags/dag1.py took 0.086 seconds
[2023-06-19T11:50:33.075+0000] {processor.py:153} INFO - Started process (PID=3420) to work on /opt/airflow/dags/dag1.py
[2023-06-19T11:50:33.076+0000] {processor.py:743} INFO - Processing file /opt/airflow/dags/dag1.py for tasks to queue
[2023-06-19T11:50:33.077+0000] {logging_mixin.py:137} INFO - [2023-06-19T11:50:33.077+0000] {dagbag.py:538} INFO - Filling up the DagBag from /opt/airflow/dags/dag1.py
[2023-06-19T11:50:33.098+0000] {processor.py:753} INFO - DAG(s) dict_keys(['hello_world_dag_minute']) retrieved from /opt/airflow/dags/dag1.py
[2023-06-19T11:50:33.127+0000] {logging_mixin.py:137} INFO - [2023-06-19T11:50:33.127+0000] {dag.py:2690} INFO - Sync 1 DAGs
[2023-06-19T11:50:33.166+0000] {logging_mixin.py:137} INFO - [2023-06-19T11:50:33.166+0000] {dag.py:3441} INFO - Setting next_dagrun for hello_world_dag_minute to 2023-05-01T00:00:00+00:00, run_after=2023-05-01T00:01:00+00:00
[2023-06-19T11:50:33.198+0000] {processor.py:175} INFO - Processing /opt/airflow/dags/dag1.py took 0.127 seconds
[2023-06-19T11:51:03.310+0000] {processor.py:153} INFO - Started process (PID=3448) to work on /opt/airflow/dags/dag1.py
[2023-06-19T11:51:03.311+0000] {processor.py:743} INFO - Processing file /opt/airflow/dags/dag1.py for tasks to queue
[2023-06-19T11:51:03.311+0000] {logging_mixin.py:137} INFO - [2023-06-19T11:51:03.311+0000] {dagbag.py:538} INFO - Filling up the DagBag from /opt/airflow/dags/dag1.py
[2023-06-19T11:51:03.328+0000] {processor.py:753} INFO - DAG(s) dict_keys(['hello_world_dag_minute']) retrieved from /opt/airflow/dags/dag1.py
[2023-06-19T11:51:03.351+0000] {logging_mixin.py:137} INFO - [2023-06-19T11:51:03.351+0000] {dag.py:2690} INFO - Sync 1 DAGs
[2023-06-19T11:51:03.373+0000] {logging_mixin.py:137} INFO - [2023-06-19T11:51:03.373+0000] {dag.py:3441} INFO - Setting next_dagrun for hello_world_dag_minute to 2023-05-01T00:00:00+00:00, run_after=2023-05-01T00:01:00+00:00
[2023-06-19T11:51:03.394+0000] {processor.py:175} INFO - Processing /opt/airflow/dags/dag1.py took 0.088 seconds
[2023-06-19T11:51:33.437+0000] {processor.py:153} INFO - Started process (PID=3473) to work on /opt/airflow/dags/dag1.py
[2023-06-19T11:51:33.438+0000] {processor.py:743} INFO - Processing file /opt/airflow/dags/dag1.py for tasks to queue
[2023-06-19T11:51:33.439+0000] {logging_mixin.py:137} INFO - [2023-06-19T11:51:33.439+0000] {dagbag.py:538} INFO - Filling up the DagBag from /opt/airflow/dags/dag1.py
[2023-06-19T11:51:33.488+0000] {processor.py:753} INFO - DAG(s) dict_keys(['hello_world_dag_minute']) retrieved from /opt/airflow/dags/dag1.py
[2023-06-19T11:51:33.527+0000] {logging_mixin.py:137} INFO - [2023-06-19T11:51:33.527+0000] {dag.py:2690} INFO - Sync 1 DAGs
[2023-06-19T11:51:33.559+0000] {logging_mixin.py:137} INFO - [2023-06-19T11:51:33.559+0000] {dag.py:3441} INFO - Setting next_dagrun for hello_world_dag_minute to 2023-05-01T00:00:00+00:00, run_after=2023-05-01T00:01:00+00:00
[2023-06-19T11:51:33.586+0000] {processor.py:175} INFO - Processing /opt/airflow/dags/dag1.py took 0.153 seconds
[2023-06-19T11:52:03.618+0000] {processor.py:153} INFO - Started process (PID=3510) to work on /opt/airflow/dags/dag1.py
[2023-06-19T11:52:03.619+0000] {processor.py:743} INFO - Processing file /opt/airflow/dags/dag1.py for tasks to queue
[2023-06-19T11:52:03.620+0000] {logging_mixin.py:137} INFO - [2023-06-19T11:52:03.619+0000] {dagbag.py:538} INFO - Filling up the DagBag from /opt/airflow/dags/dag1.py
[2023-06-19T11:52:03.634+0000] {processor.py:753} INFO - DAG(s) dict_keys(['hello_world_dag_minute']) retrieved from /opt/airflow/dags/dag1.py
[2023-06-19T11:52:03.655+0000] {logging_mixin.py:137} INFO - [2023-06-19T11:52:03.655+0000] {dag.py:2690} INFO - Sync 1 DAGs
[2023-06-19T11:52:03.677+0000] {logging_mixin.py:137} INFO - [2023-06-19T11:52:03.677+0000] {dag.py:3441} INFO - Setting next_dagrun for hello_world_dag_minute to 2023-05-01T00:00:00+00:00, run_after=2023-05-01T00:01:00+00:00
[2023-06-19T11:52:03.699+0000] {processor.py:175} INFO - Processing /opt/airflow/dags/dag1.py took 0.084 seconds
[2023-06-19T11:52:33.855+0000] {processor.py:153} INFO - Started process (PID=3535) to work on /opt/airflow/dags/dag1.py
[2023-06-19T11:52:33.856+0000] {processor.py:743} INFO - Processing file /opt/airflow/dags/dag1.py for tasks to queue
[2023-06-19T11:52:33.863+0000] {logging_mixin.py:137} INFO - [2023-06-19T11:52:33.862+0000] {dagbag.py:538} INFO - Filling up the DagBag from /opt/airflow/dags/dag1.py
[2023-06-19T11:52:33.900+0000] {processor.py:753} INFO - DAG(s) dict_keys(['hello_world_dag_minute']) retrieved from /opt/airflow/dags/dag1.py
[2023-06-19T11:52:33.943+0000] {logging_mixin.py:137} INFO - [2023-06-19T11:52:33.942+0000] {dag.py:2690} INFO - Sync 1 DAGs
[2023-06-19T11:52:33.984+0000] {logging_mixin.py:137} INFO - [2023-06-19T11:52:33.984+0000] {dag.py:3441} INFO - Setting next_dagrun for hello_world_dag_minute to 2023-05-01T00:21:00+00:00, run_after=2023-05-01T00:22:00+00:00
[2023-06-19T11:52:34.033+0000] {processor.py:175} INFO - Processing /opt/airflow/dags/dag1.py took 0.184 seconds
[2023-06-19T11:53:01.136+0000] {processor.py:153} INFO - Started process (PID=3572) to work on /opt/airflow/dags/dag1.py
[2023-06-19T11:53:01.137+0000] {processor.py:743} INFO - Processing file /opt/airflow/dags/dag1.py for tasks to queue
[2023-06-19T11:53:01.138+0000] {logging_mixin.py:137} INFO - [2023-06-19T11:53:01.137+0000] {dagbag.py:538} INFO - Filling up the DagBag from /opt/airflow/dags/dag1.py
[2023-06-19T11:53:01.153+0000] {processor.py:753} INFO - DAG(s) dict_keys(['hello_world_dag_minute']) retrieved from /opt/airflow/dags/dag1.py
[2023-06-19T11:53:01.232+0000] {logging_mixin.py:137} INFO - [2023-06-19T11:53:01.232+0000] {dag.py:2690} INFO - Sync 1 DAGs
[2023-06-19T11:53:01.267+0000] {logging_mixin.py:137} INFO - [2023-06-19T11:53:01.267+0000] {dag.py:3441} INFO - Setting next_dagrun for hello_world_dag_minute to 2023-06-01T00:00:00+00:00, run_after=2023-06-01T00:01:00+00:00
[2023-06-19T11:53:01.297+0000] {processor.py:175} INFO - Processing /opt/airflow/dags/dag1.py took 0.165 seconds
[2023-06-19T11:53:05.155+0000] {processor.py:153} INFO - Started process (PID=3573) to work on /opt/airflow/dags/dag1.py
[2023-06-19T11:53:05.156+0000] {processor.py:743} INFO - Processing file /opt/airflow/dags/dag1.py for tasks to queue
[2023-06-19T11:53:05.156+0000] {logging_mixin.py:137} INFO - [2023-06-19T11:53:05.156+0000] {dagbag.py:538} INFO - Filling up the DagBag from /opt/airflow/dags/dag1.py
[2023-06-19T11:53:05.172+0000] {processor.py:753} INFO - DAG(s) dict_keys(['hello_world_dag_minute']) retrieved from /opt/airflow/dags/dag1.py
[2023-06-19T11:53:05.186+0000] {logging_mixin.py:137} INFO - [2023-06-19T11:53:05.186+0000] {dag.py:2690} INFO - Sync 1 DAGs
[2023-06-19T11:53:05.221+0000] {logging_mixin.py:137} INFO - [2023-06-19T11:53:05.221+0000] {dag.py:3441} INFO - Setting next_dagrun for hello_world_dag_minute to 2023-05-01T00:22:00+00:00, run_after=2023-05-01T00:23:00+00:00
[2023-06-19T11:53:05.244+0000] {processor.py:175} INFO - Processing /opt/airflow/dags/dag1.py took 0.094 seconds
[2023-06-19T11:53:10.182+0000] {processor.py:153} INFO - Started process (PID=3574) to work on /opt/airflow/dags/dag1.py
[2023-06-19T11:53:10.183+0000] {processor.py:743} INFO - Processing file /opt/airflow/dags/dag1.py for tasks to queue
[2023-06-19T11:53:10.184+0000] {logging_mixin.py:137} INFO - [2023-06-19T11:53:10.184+0000] {dagbag.py:538} INFO - Filling up the DagBag from /opt/airflow/dags/dag1.py
[2023-06-19T11:53:10.208+0000] {processor.py:753} INFO - DAG(s) dict_keys(['hello_world_dag_minute']) retrieved from /opt/airflow/dags/dag1.py
[2023-06-19T11:53:10.225+0000] {logging_mixin.py:137} INFO - [2023-06-19T11:53:10.224+0000] {dag.py:2690} INFO - Sync 1 DAGs
[2023-06-19T11:53:10.262+0000] {logging_mixin.py:137} INFO - [2023-06-19T11:53:10.262+0000] {dag.py:3441} INFO - Setting next_dagrun for hello_world_dag_minute to 2023-06-01T00:00:00+00:00, run_after=2023-06-01T00:01:00+00:00
[2023-06-19T11:53:10.299+0000] {processor.py:175} INFO - Processing /opt/airflow/dags/dag1.py took 0.122 seconds
[2023-06-19T11:53:13.296+0000] {processor.py:153} INFO - Started process (PID=3587) to work on /opt/airflow/dags/dag1.py
[2023-06-19T11:53:13.297+0000] {processor.py:743} INFO - Processing file /opt/airflow/dags/dag1.py for tasks to queue
[2023-06-19T11:53:13.298+0000] {logging_mixin.py:137} INFO - [2023-06-19T11:53:13.298+0000] {dagbag.py:538} INFO - Filling up the DagBag from /opt/airflow/dags/dag1.py
[2023-06-19T11:53:13.322+0000] {processor.py:753} INFO - DAG(s) dict_keys(['hello_world_dag_minute']) retrieved from /opt/airflow/dags/dag1.py
[2023-06-19T11:53:13.338+0000] {logging_mixin.py:137} INFO - [2023-06-19T11:53:13.337+0000] {dag.py:2690} INFO - Sync 1 DAGs
[2023-06-19T11:53:13.378+0000] {logging_mixin.py:137} INFO - [2023-06-19T11:53:13.378+0000] {dag.py:3441} INFO - Setting next_dagrun for hello_world_dag_minute to 2023-06-19T00:00:00+00:00, run_after=2023-06-19T00:01:00+00:00
[2023-06-19T11:53:13.414+0000] {processor.py:175} INFO - Processing /opt/airflow/dags/dag1.py took 0.123 seconds
[2023-06-19T11:53:43.446+0000] {processor.py:153} INFO - Started process (PID=3612) to work on /opt/airflow/dags/dag1.py
[2023-06-19T11:53:43.447+0000] {processor.py:743} INFO - Processing file /opt/airflow/dags/dag1.py for tasks to queue
[2023-06-19T11:53:43.447+0000] {logging_mixin.py:137} INFO - [2023-06-19T11:53:43.447+0000] {dagbag.py:538} INFO - Filling up the DagBag from /opt/airflow/dags/dag1.py
[2023-06-19T11:53:43.463+0000] {processor.py:753} INFO - DAG(s) dict_keys(['hello_world_dag_minute']) retrieved from /opt/airflow/dags/dag1.py
[2023-06-19T11:53:43.532+0000] {logging_mixin.py:137} INFO - [2023-06-19T11:53:43.532+0000] {dag.py:2690} INFO - Sync 1 DAGs
[2023-06-19T11:53:43.553+0000] {logging_mixin.py:137} INFO - [2023-06-19T11:53:43.553+0000] {dag.py:3441} INFO - Setting next_dagrun for hello_world_dag_minute to 2023-06-19T00:00:00+00:00, run_after=2023-06-19T00:01:00+00:00
[2023-06-19T11:53:43.578+0000] {processor.py:175} INFO - Processing /opt/airflow/dags/dag1.py took 0.135 seconds
[2023-06-19T11:54:04.607+0000] {processor.py:153} INFO - Started process (PID=3637) to work on /opt/airflow/dags/dag1.py
[2023-06-19T11:54:04.607+0000] {processor.py:743} INFO - Processing file /opt/airflow/dags/dag1.py for tasks to queue
[2023-06-19T11:54:04.608+0000] {logging_mixin.py:137} INFO - [2023-06-19T11:54:04.608+0000] {dagbag.py:538} INFO - Filling up the DagBag from /opt/airflow/dags/dag1.py
[2023-06-19T11:54:04.624+0000] {processor.py:753} INFO - DAG(s) dict_keys(['hello_world_dag_minute']) retrieved from /opt/airflow/dags/dag1.py
[2023-06-19T11:54:04.637+0000] {logging_mixin.py:137} INFO - [2023-06-19T11:54:04.637+0000] {dag.py:2690} INFO - Sync 1 DAGs
[2023-06-19T11:54:04.674+0000] {logging_mixin.py:137} INFO - [2023-06-19T11:54:04.673+0000] {dag.py:3441} INFO - Setting next_dagrun for hello_world_dag_minute to 2023-06-19T13:53:00+00:00, run_after=2023-06-19T13:54:00+00:00
[2023-06-19T11:54:04.706+0000] {processor.py:175} INFO - Processing /opt/airflow/dags/dag1.py took 0.103 seconds
[2023-06-19T11:54:08.681+0000] {processor.py:153} INFO - Started process (PID=3638) to work on /opt/airflow/dags/dag1.py
[2023-06-19T11:54:08.682+0000] {processor.py:743} INFO - Processing file /opt/airflow/dags/dag1.py for tasks to queue
[2023-06-19T11:54:08.683+0000] {logging_mixin.py:137} INFO - [2023-06-19T11:54:08.683+0000] {dagbag.py:538} INFO - Filling up the DagBag from /opt/airflow/dags/dag1.py
[2023-06-19T11:54:08.706+0000] {processor.py:753} INFO - DAG(s) dict_keys(['hello_world_dag_minute']) retrieved from /opt/airflow/dags/dag1.py
[2023-06-19T11:54:08.728+0000] {logging_mixin.py:137} INFO - [2023-06-19T11:54:08.728+0000] {dag.py:2690} INFO - Sync 1 DAGs
[2023-06-19T11:54:08.766+0000] {logging_mixin.py:137} INFO - [2023-06-19T11:54:08.766+0000] {dag.py:3441} INFO - Setting next_dagrun for hello_world_dag_minute to 2023-06-19T13:54:00+00:00, run_after=2023-06-19T13:55:00+00:00
[2023-06-19T11:54:08.807+0000] {processor.py:175} INFO - Processing /opt/airflow/dags/dag1.py took 0.132 seconds
[2023-06-19T11:54:11.844+0000] {processor.py:153} INFO - Started process (PID=3639) to work on /opt/airflow/dags/dag1.py
[2023-06-19T11:54:11.845+0000] {processor.py:743} INFO - Processing file /opt/airflow/dags/dag1.py for tasks to queue
[2023-06-19T11:54:11.845+0000] {logging_mixin.py:137} INFO - [2023-06-19T11:54:11.845+0000] {dagbag.py:538} INFO - Filling up the DagBag from /opt/airflow/dags/dag1.py
[2023-06-19T11:54:11.861+0000] {processor.py:753} INFO - DAG(s) dict_keys(['hello_world_dag_minute']) retrieved from /opt/airflow/dags/dag1.py
[2023-06-19T11:54:11.873+0000] {logging_mixin.py:137} INFO - [2023-06-19T11:54:11.872+0000] {dag.py:2690} INFO - Sync 1 DAGs
[2023-06-19T11:54:11.898+0000] {logging_mixin.py:137} INFO - [2023-06-19T11:54:11.898+0000] {dag.py:3441} INFO - Setting next_dagrun for hello_world_dag_minute to 2023-06-19T13:54:00+00:00, run_after=2023-06-19T13:55:00+00:00
[2023-06-19T11:54:11.922+0000] {processor.py:175} INFO - Processing /opt/airflow/dags/dag1.py took 0.082 seconds
[2023-06-19T11:54:24.903+0000] {processor.py:153} INFO - Started process (PID=3662) to work on /opt/airflow/dags/dag1.py
[2023-06-19T11:54:24.904+0000] {processor.py:743} INFO - Processing file /opt/airflow/dags/dag1.py for tasks to queue
[2023-06-19T11:54:24.905+0000] {logging_mixin.py:137} INFO - [2023-06-19T11:54:24.905+0000] {dagbag.py:538} INFO - Filling up the DagBag from /opt/airflow/dags/dag1.py
[2023-06-19T11:54:24.927+0000] {processor.py:753} INFO - DAG(s) dict_keys(['hello_world_dag_minute_']) retrieved from /opt/airflow/dags/dag1.py
[2023-06-19T11:54:25.096+0000] {logging_mixin.py:137} INFO - [2023-06-19T11:54:25.096+0000] {manager.py:504} INFO - Created Permission View: can delete on DAG:hello_world_dag_minute_
[2023-06-19T11:54:25.122+0000] {logging_mixin.py:137} INFO - [2023-06-19T11:54:25.121+0000] {manager.py:504} INFO - Created Permission View: can read on DAG:hello_world_dag_minute_
[2023-06-19T11:54:25.137+0000] {logging_mixin.py:137} INFO - [2023-06-19T11:54:25.137+0000] {manager.py:504} INFO - Created Permission View: can edit on DAG:hello_world_dag_minute_
[2023-06-19T11:54:25.137+0000] {logging_mixin.py:137} INFO - [2023-06-19T11:54:25.137+0000] {dag.py:2690} INFO - Sync 1 DAGs
[2023-06-19T11:54:25.160+0000] {logging_mixin.py:137} INFO - [2023-06-19T11:54:25.160+0000] {dag.py:2711} INFO - Creating ORM DAG for hello_world_dag_minute_
[2023-06-19T11:54:25.177+0000] {logging_mixin.py:137} INFO - [2023-06-19T11:54:25.177+0000] {dag.py:3441} INFO - Setting next_dagrun for hello_world_dag_minute_ to 2023-06-19T13:54:00+00:00, run_after=2023-06-19T13:55:00+00:00
[2023-06-19T11:54:25.202+0000] {processor.py:175} INFO - Processing /opt/airflow/dags/dag1.py took 0.303 seconds
[2023-06-19T11:54:29.001+0000] {processor.py:153} INFO - Started process (PID=3666) to work on /opt/airflow/dags/dag1.py
[2023-06-19T11:54:29.002+0000] {processor.py:743} INFO - Processing file /opt/airflow/dags/dag1.py for tasks to queue
[2023-06-19T11:54:29.002+0000] {logging_mixin.py:137} INFO - [2023-06-19T11:54:29.002+0000] {dagbag.py:538} INFO - Filling up the DagBag from /opt/airflow/dags/dag1.py
[2023-06-19T11:54:29.022+0000] {processor.py:753} INFO - DAG(s) dict_keys(['hello_world_dag_minute_type']) retrieved from /opt/airflow/dags/dag1.py
[2023-06-19T11:54:29.136+0000] {logging_mixin.py:137} INFO - [2023-06-19T11:54:29.136+0000] {manager.py:504} INFO - Created Permission View: can delete on DAG:hello_world_dag_minute_type
[2023-06-19T11:54:29.150+0000] {logging_mixin.py:137} INFO - [2023-06-19T11:54:29.150+0000] {manager.py:504} INFO - Created Permission View: can read on DAG:hello_world_dag_minute_type
[2023-06-19T11:54:29.162+0000] {logging_mixin.py:137} INFO - [2023-06-19T11:54:29.162+0000] {manager.py:504} INFO - Created Permission View: can edit on DAG:hello_world_dag_minute_type
[2023-06-19T11:54:29.162+0000] {logging_mixin.py:137} INFO - [2023-06-19T11:54:29.162+0000] {dag.py:2690} INFO - Sync 1 DAGs
[2023-06-19T11:54:29.173+0000] {logging_mixin.py:137} INFO - [2023-06-19T11:54:29.173+0000] {dag.py:2711} INFO - Creating ORM DAG for hello_world_dag_minute_type
[2023-06-19T11:54:29.183+0000] {logging_mixin.py:137} INFO - [2023-06-19T11:54:29.183+0000] {dag.py:3441} INFO - Setting next_dagrun for hello_world_dag_minute_type to 2023-06-19T13:54:00+00:00, run_after=2023-06-19T13:55:00+00:00
[2023-06-19T11:54:29.204+0000] {processor.py:175} INFO - Processing /opt/airflow/dags/dag1.py took 0.208 seconds
[2023-06-19T11:54:33.025+0000] {processor.py:153} INFO - Started process (PID=3667) to work on /opt/airflow/dags/dag1.py
[2023-06-19T11:54:33.027+0000] {processor.py:743} INFO - Processing file /opt/airflow/dags/dag1.py for tasks to queue
[2023-06-19T11:54:33.028+0000] {logging_mixin.py:137} INFO - [2023-06-19T11:54:33.028+0000] {dagbag.py:538} INFO - Filling up the DagBag from /opt/airflow/dags/dag1.py
[2023-06-19T11:54:33.050+0000] {processor.py:753} INFO - DAG(s) dict_keys(['hello_world_dag_minute_time']) retrieved from /opt/airflow/dags/dag1.py
[2023-06-19T11:54:33.237+0000] {logging_mixin.py:137} INFO - [2023-06-19T11:54:33.237+0000] {manager.py:504} INFO - Created Permission View: can delete on DAG:hello_world_dag_minute_time
[2023-06-19T11:54:33.255+0000] {logging_mixin.py:137} INFO - [2023-06-19T11:54:33.255+0000] {manager.py:504} INFO - Created Permission View: can read on DAG:hello_world_dag_minute_time
[2023-06-19T11:54:33.269+0000] {logging_mixin.py:137} INFO - [2023-06-19T11:54:33.268+0000] {manager.py:504} INFO - Created Permission View: can edit on DAG:hello_world_dag_minute_time
[2023-06-19T11:54:33.269+0000] {logging_mixin.py:137} INFO - [2023-06-19T11:54:33.269+0000] {dag.py:2690} INFO - Sync 1 DAGs
[2023-06-19T11:54:33.290+0000] {logging_mixin.py:137} INFO - [2023-06-19T11:54:33.290+0000] {dag.py:2711} INFO - Creating ORM DAG for hello_world_dag_minute_time
[2023-06-19T11:54:33.307+0000] {logging_mixin.py:137} INFO - [2023-06-19T11:54:33.307+0000] {dag.py:3441} INFO - Setting next_dagrun for hello_world_dag_minute_time to 2023-06-19T13:54:00+00:00, run_after=2023-06-19T13:55:00+00:00
[2023-06-19T11:54:33.334+0000] {processor.py:175} INFO - Processing /opt/airflow/dags/dag1.py took 0.313 seconds
[2023-06-19T11:54:37.372+0000] {processor.py:153} INFO - Started process (PID=3677) to work on /opt/airflow/dags/dag1.py
[2023-06-19T11:54:37.373+0000] {processor.py:743} INFO - Processing file /opt/airflow/dags/dag1.py for tasks to queue
[2023-06-19T11:54:37.374+0000] {logging_mixin.py:137} INFO - [2023-06-19T11:54:37.374+0000] {dagbag.py:538} INFO - Filling up the DagBag from /opt/airflow/dags/dag1.py
[2023-06-19T11:54:37.390+0000] {processor.py:753} INFO - DAG(s) dict_keys(['hello_world_dag_minute_time']) retrieved from /opt/airflow/dags/dag1.py
[2023-06-19T11:54:37.404+0000] {logging_mixin.py:137} INFO - [2023-06-19T11:54:37.404+0000] {dag.py:2690} INFO - Sync 1 DAGs
[2023-06-19T11:54:37.430+0000] {logging_mixin.py:137} INFO - [2023-06-19T11:54:37.430+0000] {dag.py:3441} INFO - Setting next_dagrun for hello_world_dag_minute_time to 2023-06-19T13:54:00+00:00, run_after=2023-06-19T13:55:00+00:00
[2023-06-19T11:54:37.455+0000] {processor.py:175} INFO - Processing /opt/airflow/dags/dag1.py took 0.087 seconds
[2023-06-19T11:55:07.492+0000] {processor.py:153} INFO - Started process (PID=3705) to work on /opt/airflow/dags/dag1.py
[2023-06-19T11:55:07.493+0000] {processor.py:743} INFO - Processing file /opt/airflow/dags/dag1.py for tasks to queue
[2023-06-19T11:55:07.494+0000] {logging_mixin.py:137} INFO - [2023-06-19T11:55:07.494+0000] {dagbag.py:538} INFO - Filling up the DagBag from /opt/airflow/dags/dag1.py
[2023-06-19T11:55:07.509+0000] {processor.py:753} INFO - DAG(s) dict_keys(['hello_world_dag_minute_time']) retrieved from /opt/airflow/dags/dag1.py
[2023-06-19T11:55:07.531+0000] {logging_mixin.py:137} INFO - [2023-06-19T11:55:07.531+0000] {dag.py:2690} INFO - Sync 1 DAGs
[2023-06-19T11:55:07.559+0000] {logging_mixin.py:137} INFO - [2023-06-19T11:55:07.559+0000] {dag.py:3441} INFO - Setting next_dagrun for hello_world_dag_minute_time to 2023-06-19T13:54:00+00:00, run_after=2023-06-19T13:55:00+00:00
[2023-06-19T11:55:07.579+0000] {processor.py:175} INFO - Processing /opt/airflow/dags/dag1.py took 0.090 seconds
[2023-06-19T11:55:37.715+0000] {processor.py:153} INFO - Started process (PID=3737) to work on /opt/airflow/dags/dag1.py
[2023-06-19T11:55:37.716+0000] {processor.py:743} INFO - Processing file /opt/airflow/dags/dag1.py for tasks to queue
[2023-06-19T11:55:37.717+0000] {logging_mixin.py:137} INFO - [2023-06-19T11:55:37.717+0000] {dagbag.py:538} INFO - Filling up the DagBag from /opt/airflow/dags/dag1.py
[2023-06-19T11:55:37.736+0000] {processor.py:753} INFO - DAG(s) dict_keys(['hello_world_dag_minute_time']) retrieved from /opt/airflow/dags/dag1.py
[2023-06-19T11:55:37.757+0000] {logging_mixin.py:137} INFO - [2023-06-19T11:55:37.757+0000] {dag.py:2690} INFO - Sync 1 DAGs
[2023-06-19T11:55:37.781+0000] {logging_mixin.py:137} INFO - [2023-06-19T11:55:37.781+0000] {dag.py:3441} INFO - Setting next_dagrun for hello_world_dag_minute_time to 2023-06-19T13:54:00+00:00, run_after=2023-06-19T13:55:00+00:00
[2023-06-19T11:55:37.802+0000] {processor.py:175} INFO - Processing /opt/airflow/dags/dag1.py took 0.090 seconds
[2023-06-19T11:56:07.845+0000] {processor.py:153} INFO - Started process (PID=3767) to work on /opt/airflow/dags/dag1.py
[2023-06-19T11:56:07.846+0000] {processor.py:743} INFO - Processing file /opt/airflow/dags/dag1.py for tasks to queue
[2023-06-19T11:56:07.846+0000] {logging_mixin.py:137} INFO - [2023-06-19T11:56:07.846+0000] {dagbag.py:538} INFO - Filling up the DagBag from /opt/airflow/dags/dag1.py
[2023-06-19T11:56:07.863+0000] {processor.py:753} INFO - DAG(s) dict_keys(['hello_world_dag_minute_time']) retrieved from /opt/airflow/dags/dag1.py
[2023-06-19T11:56:07.884+0000] {logging_mixin.py:137} INFO - [2023-06-19T11:56:07.884+0000] {dag.py:2690} INFO - Sync 1 DAGs
[2023-06-19T11:56:07.909+0000] {logging_mixin.py:137} INFO - [2023-06-19T11:56:07.909+0000] {dag.py:3441} INFO - Setting next_dagrun for hello_world_dag_minute_time to 2023-06-19T13:54:00+00:00, run_after=2023-06-19T13:55:00+00:00
[2023-06-19T11:56:07.931+0000] {processor.py:175} INFO - Processing /opt/airflow/dags/dag1.py took 0.090 seconds
[2023-06-19T11:56:38.018+0000] {processor.py:153} INFO - Started process (PID=3792) to work on /opt/airflow/dags/dag1.py
[2023-06-19T11:56:38.019+0000] {processor.py:743} INFO - Processing file /opt/airflow/dags/dag1.py for tasks to queue
[2023-06-19T11:56:38.019+0000] {logging_mixin.py:137} INFO - [2023-06-19T11:56:38.019+0000] {dagbag.py:538} INFO - Filling up the DagBag from /opt/airflow/dags/dag1.py
[2023-06-19T11:56:38.034+0000] {processor.py:753} INFO - DAG(s) dict_keys(['hello_world_dag_minute_time']) retrieved from /opt/airflow/dags/dag1.py
[2023-06-19T11:56:38.054+0000] {logging_mixin.py:137} INFO - [2023-06-19T11:56:38.054+0000] {dag.py:2690} INFO - Sync 1 DAGs
[2023-06-19T11:56:38.078+0000] {logging_mixin.py:137} INFO - [2023-06-19T11:56:38.078+0000] {dag.py:3441} INFO - Setting next_dagrun for hello_world_dag_minute_time to 2023-06-19T13:54:00+00:00, run_after=2023-06-19T13:55:00+00:00
[2023-06-19T11:56:38.098+0000] {processor.py:175} INFO - Processing /opt/airflow/dags/dag1.py took 0.083 seconds
[2023-06-19T11:56:50.073+0000] {processor.py:153} INFO - Started process (PID=3805) to work on /opt/airflow/dags/dag1.py
[2023-06-19T11:56:50.073+0000] {processor.py:743} INFO - Processing file /opt/airflow/dags/dag1.py for tasks to queue
[2023-06-19T11:56:50.074+0000] {logging_mixin.py:137} INFO - [2023-06-19T11:56:50.074+0000] {dagbag.py:538} INFO - Filling up the DagBag from /opt/airflow/dags/dag1.py
[2023-06-19T11:56:50.089+0000] {processor.py:753} INFO - DAG(s) dict_keys(['hello_world_dag_minute_time']) retrieved from /opt/airflow/dags/dag1.py
[2023-06-19T11:56:50.147+0000] {logging_mixin.py:137} INFO - [2023-06-19T11:56:50.147+0000] {dag.py:2690} INFO - Sync 1 DAGs
[2023-06-19T11:56:50.171+0000] {logging_mixin.py:137} INFO - [2023-06-19T11:56:50.170+0000] {dag.py:3441} INFO - Setting next_dagrun for hello_world_dag_minute_time to 2023-06-19T11:54:00+00:00, run_after=2023-06-19T11:55:00+00:00
[2023-06-19T11:56:50.196+0000] {processor.py:175} INFO - Processing /opt/airflow/dags/dag1.py took 0.127 seconds
[2023-06-19T11:56:52.165+0000] {processor.py:153} INFO - Started process (PID=3819) to work on /opt/airflow/dags/dag1.py
[2023-06-19T11:56:52.166+0000] {processor.py:743} INFO - Processing file /opt/airflow/dags/dag1.py for tasks to queue
[2023-06-19T11:56:52.167+0000] {logging_mixin.py:137} INFO - [2023-06-19T11:56:52.167+0000] {dagbag.py:538} INFO - Filling up the DagBag from /opt/airflow/dags/dag1.py
[2023-06-19T11:56:52.190+0000] {processor.py:753} INFO - DAG(s) dict_keys(['hello_world_dag_minute_time']) retrieved from /opt/airflow/dags/dag1.py
[2023-06-19T11:56:52.207+0000] {logging_mixin.py:137} INFO - [2023-06-19T11:56:52.206+0000] {dag.py:2690} INFO - Sync 1 DAGs
[2023-06-19T11:56:52.248+0000] {logging_mixin.py:137} INFO - [2023-06-19T11:56:52.247+0000] {dag.py:3441} INFO - Setting next_dagrun for hello_world_dag_minute_time to 2023-06-19T11:58:00+00:00, run_after=2023-06-19T11:59:00+00:00
[2023-06-19T11:56:52.279+0000] {processor.py:175} INFO - Processing /opt/airflow/dags/dag1.py took 0.118 seconds
[2023-06-19T11:56:55.238+0000] {processor.py:153} INFO - Started process (PID=3820) to work on /opt/airflow/dags/dag1.py
[2023-06-19T11:56:55.239+0000] {processor.py:743} INFO - Processing file /opt/airflow/dags/dag1.py for tasks to queue
[2023-06-19T11:56:55.239+0000] {logging_mixin.py:137} INFO - [2023-06-19T11:56:55.239+0000] {dagbag.py:538} INFO - Filling up the DagBag from /opt/airflow/dags/dag1.py
[2023-06-19T11:56:55.255+0000] {processor.py:753} INFO - DAG(s) dict_keys(['hello_world_dag_minute_time']) retrieved from /opt/airflow/dags/dag1.py
[2023-06-19T11:56:55.269+0000] {logging_mixin.py:137} INFO - [2023-06-19T11:56:55.269+0000] {dag.py:2690} INFO - Sync 1 DAGs
[2023-06-19T11:56:55.295+0000] {logging_mixin.py:137} INFO - [2023-06-19T11:56:55.294+0000] {dag.py:3441} INFO - Setting next_dagrun for hello_world_dag_minute_time to 2023-06-19T11:58:00+00:00, run_after=2023-06-19T11:59:00+00:00
[2023-06-19T11:56:55.322+0000] {processor.py:175} INFO - Processing /opt/airflow/dags/dag1.py took 0.087 seconds
[2023-06-19T11:56:58.333+0000] {processor.py:153} INFO - Started process (PID=3821) to work on /opt/airflow/dags/dag1.py
[2023-06-19T11:56:58.334+0000] {processor.py:743} INFO - Processing file /opt/airflow/dags/dag1.py for tasks to queue
[2023-06-19T11:56:58.335+0000] {logging_mixin.py:137} INFO - [2023-06-19T11:56:58.335+0000] {dagbag.py:538} INFO - Filling up the DagBag from /opt/airflow/dags/dag1.py
[2023-06-19T11:56:58.357+0000] {processor.py:753} INFO - DAG(s) dict_keys(['hello_world_dag_minute_time']) retrieved from /opt/airflow/dags/dag1.py
[2023-06-19T11:56:58.374+0000] {logging_mixin.py:137} INFO - [2023-06-19T11:56:58.373+0000] {dag.py:2690} INFO - Sync 1 DAGs
[2023-06-19T11:56:58.413+0000] {logging_mixin.py:137} INFO - [2023-06-19T11:56:58.412+0000] {dag.py:3441} INFO - Setting next_dagrun for hello_world_dag_minute_time to 2023-06-19T11:58:00+00:00, run_after=2023-06-19T11:59:00+00:00
[2023-06-19T11:56:58.443+0000] {processor.py:175} INFO - Processing /opt/airflow/dags/dag1.py took 0.114 seconds
[2023-06-19T11:57:28.463+0000] {processor.py:153} INFO - Started process (PID=3858) to work on /opt/airflow/dags/dag1.py
[2023-06-19T11:57:28.464+0000] {processor.py:743} INFO - Processing file /opt/airflow/dags/dag1.py for tasks to queue
[2023-06-19T11:57:28.464+0000] {logging_mixin.py:137} INFO - [2023-06-19T11:57:28.464+0000] {dagbag.py:538} INFO - Filling up the DagBag from /opt/airflow/dags/dag1.py
[2023-06-19T11:57:28.479+0000] {processor.py:753} INFO - DAG(s) dict_keys(['hello_world_dag_minute_time']) retrieved from /opt/airflow/dags/dag1.py
[2023-06-19T11:57:28.560+0000] {logging_mixin.py:137} INFO - [2023-06-19T11:57:28.560+0000] {dag.py:2690} INFO - Sync 1 DAGs
[2023-06-19T11:57:28.593+0000] {logging_mixin.py:137} INFO - [2023-06-19T11:57:28.593+0000] {dag.py:3441} INFO - Setting next_dagrun for hello_world_dag_minute_time to 2023-06-19T11:58:00+00:00, run_after=2023-06-19T11:59:00+00:00
[2023-06-19T11:57:28.617+0000] {processor.py:175} INFO - Processing /opt/airflow/dags/dag1.py took 0.159 seconds
[2023-06-19T11:57:58.658+0000] {processor.py:153} INFO - Started process (PID=3883) to work on /opt/airflow/dags/dag1.py
[2023-06-19T11:57:58.659+0000] {processor.py:743} INFO - Processing file /opt/airflow/dags/dag1.py for tasks to queue
[2023-06-19T11:57:58.660+0000] {logging_mixin.py:137} INFO - [2023-06-19T11:57:58.659+0000] {dagbag.py:538} INFO - Filling up the DagBag from /opt/airflow/dags/dag1.py
[2023-06-19T11:57:58.675+0000] {processor.py:753} INFO - DAG(s) dict_keys(['hello_world_dag_minute_time']) retrieved from /opt/airflow/dags/dag1.py
[2023-06-19T11:57:58.696+0000] {logging_mixin.py:137} INFO - [2023-06-19T11:57:58.696+0000] {dag.py:2690} INFO - Sync 1 DAGs
[2023-06-19T11:57:58.720+0000] {logging_mixin.py:137} INFO - [2023-06-19T11:57:58.720+0000] {dag.py:3441} INFO - Setting next_dagrun for hello_world_dag_minute_time to 2023-06-19T11:58:00+00:00, run_after=2023-06-19T11:59:00+00:00
[2023-06-19T11:57:58.740+0000] {processor.py:175} INFO - Processing /opt/airflow/dags/dag1.py took 0.086 seconds
[2023-06-19T11:58:28.843+0000] {processor.py:153} INFO - Started process (PID=3920) to work on /opt/airflow/dags/dag1.py
[2023-06-19T11:58:28.844+0000] {processor.py:743} INFO - Processing file /opt/airflow/dags/dag1.py for tasks to queue
[2023-06-19T11:58:28.844+0000] {logging_mixin.py:137} INFO - [2023-06-19T11:58:28.844+0000] {dagbag.py:538} INFO - Filling up the DagBag from /opt/airflow/dags/dag1.py
[2023-06-19T11:58:28.859+0000] {processor.py:753} INFO - DAG(s) dict_keys(['hello_world_dag_minute_time']) retrieved from /opt/airflow/dags/dag1.py
[2023-06-19T11:58:28.880+0000] {logging_mixin.py:137} INFO - [2023-06-19T11:58:28.880+0000] {dag.py:2690} INFO - Sync 1 DAGs
[2023-06-19T11:58:28.903+0000] {logging_mixin.py:137} INFO - [2023-06-19T11:58:28.903+0000] {dag.py:3441} INFO - Setting next_dagrun for hello_world_dag_minute_time to 2023-06-19T11:58:00+00:00, run_after=2023-06-19T11:59:00+00:00
[2023-06-19T11:58:28.925+0000] {processor.py:175} INFO - Processing /opt/airflow/dags/dag1.py took 0.086 seconds
[2023-06-19T11:58:58.979+0000] {processor.py:153} INFO - Started process (PID=3946) to work on /opt/airflow/dags/dag1.py
[2023-06-19T11:58:58.980+0000] {processor.py:743} INFO - Processing file /opt/airflow/dags/dag1.py for tasks to queue
[2023-06-19T11:58:58.980+0000] {logging_mixin.py:137} INFO - [2023-06-19T11:58:58.980+0000] {dagbag.py:538} INFO - Filling up the DagBag from /opt/airflow/dags/dag1.py
[2023-06-19T11:58:58.996+0000] {processor.py:753} INFO - DAG(s) dict_keys(['hello_world_dag_minute_time']) retrieved from /opt/airflow/dags/dag1.py
[2023-06-19T11:58:59.017+0000] {logging_mixin.py:137} INFO - [2023-06-19T11:58:59.017+0000] {dag.py:2690} INFO - Sync 1 DAGs
[2023-06-19T11:58:59.041+0000] {logging_mixin.py:137} INFO - [2023-06-19T11:58:59.041+0000] {dag.py:3441} INFO - Setting next_dagrun for hello_world_dag_minute_time to 2023-06-19T11:58:00+00:00, run_after=2023-06-19T11:59:00+00:00
[2023-06-19T11:58:59.062+0000] {processor.py:175} INFO - Processing /opt/airflow/dags/dag1.py took 0.086 seconds
[2023-06-19T11:59:29.147+0000] {processor.py:153} INFO - Started process (PID=3983) to work on /opt/airflow/dags/dag1.py
[2023-06-19T11:59:29.148+0000] {processor.py:743} INFO - Processing file /opt/airflow/dags/dag1.py for tasks to queue
[2023-06-19T11:59:29.149+0000] {logging_mixin.py:137} INFO - [2023-06-19T11:59:29.148+0000] {dagbag.py:538} INFO - Filling up the DagBag from /opt/airflow/dags/dag1.py
[2023-06-19T11:59:29.163+0000] {processor.py:753} INFO - DAG(s) dict_keys(['hello_world_dag_minute_time']) retrieved from /opt/airflow/dags/dag1.py
[2023-06-19T11:59:29.190+0000] {logging_mixin.py:137} INFO - [2023-06-19T11:59:29.190+0000] {dag.py:2690} INFO - Sync 1 DAGs
[2023-06-19T11:59:29.228+0000] {logging_mixin.py:137} INFO - [2023-06-19T11:59:29.228+0000] {dag.py:3441} INFO - Setting next_dagrun for hello_world_dag_minute_time to 2023-06-19T11:59:00+00:00, run_after=2023-06-19T12:00:00+00:00
[2023-06-19T11:59:29.253+0000] {processor.py:175} INFO - Processing /opt/airflow/dags/dag1.py took 0.109 seconds
[2023-06-19T11:59:59.297+0000] {processor.py:153} INFO - Started process (PID=4008) to work on /opt/airflow/dags/dag1.py
[2023-06-19T11:59:59.298+0000] {processor.py:743} INFO - Processing file /opt/airflow/dags/dag1.py for tasks to queue
[2023-06-19T11:59:59.298+0000] {logging_mixin.py:137} INFO - [2023-06-19T11:59:59.298+0000] {dagbag.py:538} INFO - Filling up the DagBag from /opt/airflow/dags/dag1.py
[2023-06-19T11:59:59.313+0000] {processor.py:753} INFO - DAG(s) dict_keys(['hello_world_dag_minute_time']) retrieved from /opt/airflow/dags/dag1.py
[2023-06-19T11:59:59.334+0000] {logging_mixin.py:137} INFO - [2023-06-19T11:59:59.334+0000] {dag.py:2690} INFO - Sync 1 DAGs
[2023-06-19T11:59:59.358+0000] {logging_mixin.py:137} INFO - [2023-06-19T11:59:59.358+0000] {dag.py:3441} INFO - Setting next_dagrun for hello_world_dag_minute_time to 2023-06-19T11:59:00+00:00, run_after=2023-06-19T12:00:00+00:00
[2023-06-19T11:59:59.380+0000] {processor.py:175} INFO - Processing /opt/airflow/dags/dag1.py took 0.087 seconds
[2023-06-19T12:00:29.517+0000] {processor.py:153} INFO - Started process (PID=4045) to work on /opt/airflow/dags/dag1.py
[2023-06-19T12:00:29.520+0000] {processor.py:743} INFO - Processing file /opt/airflow/dags/dag1.py for tasks to queue
[2023-06-19T12:00:29.521+0000] {logging_mixin.py:137} INFO - [2023-06-19T12:00:29.521+0000] {dagbag.py:538} INFO - Filling up the DagBag from /opt/airflow/dags/dag1.py
[2023-06-19T12:00:29.566+0000] {processor.py:753} INFO - DAG(s) dict_keys(['hello_world_dag_minute_time']) retrieved from /opt/airflow/dags/dag1.py
[2023-06-19T12:00:29.599+0000] {logging_mixin.py:137} INFO - [2023-06-19T12:00:29.599+0000] {dag.py:2690} INFO - Sync 1 DAGs
[2023-06-19T12:00:29.632+0000] {logging_mixin.py:137} INFO - [2023-06-19T12:00:29.632+0000] {dag.py:3441} INFO - Setting next_dagrun for hello_world_dag_minute_time to 2023-06-19T12:00:00+00:00, run_after=2023-06-19T12:01:00+00:00
[2023-06-19T12:00:29.654+0000] {processor.py:175} INFO - Processing /opt/airflow/dags/dag1.py took 0.151 seconds
[2023-06-19T12:00:59.767+0000] {processor.py:153} INFO - Started process (PID=4071) to work on /opt/airflow/dags/dag1.py
[2023-06-19T12:00:59.768+0000] {processor.py:743} INFO - Processing file /opt/airflow/dags/dag1.py for tasks to queue
[2023-06-19T12:00:59.769+0000] {logging_mixin.py:137} INFO - [2023-06-19T12:00:59.769+0000] {dagbag.py:538} INFO - Filling up the DagBag from /opt/airflow/dags/dag1.py
[2023-06-19T12:00:59.784+0000] {processor.py:753} INFO - DAG(s) dict_keys(['hello_world_dag_minute_time']) retrieved from /opt/airflow/dags/dag1.py
[2023-06-19T12:00:59.804+0000] {logging_mixin.py:137} INFO - [2023-06-19T12:00:59.804+0000] {dag.py:2690} INFO - Sync 1 DAGs
[2023-06-19T12:00:59.827+0000] {logging_mixin.py:137} INFO - [2023-06-19T12:00:59.827+0000] {dag.py:3441} INFO - Setting next_dagrun for hello_world_dag_minute_time to 2023-06-19T12:00:00+00:00, run_after=2023-06-19T12:01:00+00:00
[2023-06-19T12:00:59.848+0000] {processor.py:175} INFO - Processing /opt/airflow/dags/dag1.py took 0.084 seconds
[2023-06-19T12:01:29.889+0000] {processor.py:153} INFO - Started process (PID=4106) to work on /opt/airflow/dags/dag1.py
[2023-06-19T12:01:29.890+0000] {processor.py:743} INFO - Processing file /opt/airflow/dags/dag1.py for tasks to queue
[2023-06-19T12:01:29.891+0000] {logging_mixin.py:137} INFO - [2023-06-19T12:01:29.891+0000] {dagbag.py:538} INFO - Filling up the DagBag from /opt/airflow/dags/dag1.py
[2023-06-19T12:01:29.906+0000] {processor.py:753} INFO - DAG(s) dict_keys(['hello_world_dag_minute_time']) retrieved from /opt/airflow/dags/dag1.py
[2023-06-19T12:01:29.928+0000] {logging_mixin.py:137} INFO - [2023-06-19T12:01:29.927+0000] {dag.py:2690} INFO - Sync 1 DAGs
[2023-06-19T12:01:29.952+0000] {logging_mixin.py:137} INFO - [2023-06-19T12:01:29.951+0000] {dag.py:3441} INFO - Setting next_dagrun for hello_world_dag_minute_time to 2023-06-19T12:01:00+00:00, run_after=2023-06-19T12:02:00+00:00
[2023-06-19T12:01:29.975+0000] {processor.py:175} INFO - Processing /opt/airflow/dags/dag1.py took 0.089 seconds
[2023-06-19T12:02:00.073+0000] {processor.py:153} INFO - Started process (PID=4134) to work on /opt/airflow/dags/dag1.py
[2023-06-19T12:02:00.074+0000] {processor.py:743} INFO - Processing file /opt/airflow/dags/dag1.py for tasks to queue
[2023-06-19T12:02:00.074+0000] {logging_mixin.py:137} INFO - [2023-06-19T12:02:00.074+0000] {dagbag.py:538} INFO - Filling up the DagBag from /opt/airflow/dags/dag1.py
[2023-06-19T12:02:00.089+0000] {processor.py:753} INFO - DAG(s) dict_keys(['hello_world_dag_minute_time']) retrieved from /opt/airflow/dags/dag1.py
[2023-06-19T12:02:00.110+0000] {logging_mixin.py:137} INFO - [2023-06-19T12:02:00.110+0000] {dag.py:2690} INFO - Sync 1 DAGs
[2023-06-19T12:02:00.133+0000] {logging_mixin.py:137} INFO - [2023-06-19T12:02:00.133+0000] {dag.py:3441} INFO - Setting next_dagrun for hello_world_dag_minute_time to 2023-06-19T12:01:00+00:00, run_after=2023-06-19T12:02:00+00:00
[2023-06-19T12:02:00.155+0000] {processor.py:175} INFO - Processing /opt/airflow/dags/dag1.py took 0.085 seconds
[2023-06-19T12:02:30.198+0000] {processor.py:153} INFO - Started process (PID=4159) to work on /opt/airflow/dags/dag1.py
[2023-06-19T12:02:30.199+0000] {processor.py:743} INFO - Processing file /opt/airflow/dags/dag1.py for tasks to queue
[2023-06-19T12:02:30.200+0000] {logging_mixin.py:137} INFO - [2023-06-19T12:02:30.200+0000] {dagbag.py:538} INFO - Filling up the DagBag from /opt/airflow/dags/dag1.py
[2023-06-19T12:02:30.214+0000] {processor.py:753} INFO - DAG(s) dict_keys(['hello_world_dag_minute_time']) retrieved from /opt/airflow/dags/dag1.py
[2023-06-19T12:02:30.240+0000] {logging_mixin.py:137} INFO - [2023-06-19T12:02:30.240+0000] {dag.py:2690} INFO - Sync 1 DAGs
[2023-06-19T12:02:30.265+0000] {logging_mixin.py:137} INFO - [2023-06-19T12:02:30.265+0000] {dag.py:3441} INFO - Setting next_dagrun for hello_world_dag_minute_time to 2023-06-19T12:02:00+00:00, run_after=2023-06-19T12:03:00+00:00
[2023-06-19T12:02:30.286+0000] {processor.py:175} INFO - Processing /opt/airflow/dags/dag1.py took 0.091 seconds
[2023-06-19T12:03:00.386+0000] {processor.py:153} INFO - Started process (PID=4198) to work on /opt/airflow/dags/dag1.py
[2023-06-19T12:03:00.386+0000] {processor.py:743} INFO - Processing file /opt/airflow/dags/dag1.py for tasks to queue
[2023-06-19T12:03:00.387+0000] {logging_mixin.py:137} INFO - [2023-06-19T12:03:00.387+0000] {dagbag.py:538} INFO - Filling up the DagBag from /opt/airflow/dags/dag1.py
[2023-06-19T12:03:00.402+0000] {processor.py:753} INFO - DAG(s) dict_keys(['hello_world_dag_minute_time']) retrieved from /opt/airflow/dags/dag1.py
[2023-06-19T12:03:00.422+0000] {logging_mixin.py:137} INFO - [2023-06-19T12:03:00.422+0000] {dag.py:2690} INFO - Sync 1 DAGs
[2023-06-19T12:03:00.446+0000] {logging_mixin.py:137} INFO - [2023-06-19T12:03:00.446+0000] {dag.py:3441} INFO - Setting next_dagrun for hello_world_dag_minute_time to 2023-06-19T12:02:00+00:00, run_after=2023-06-19T12:03:00+00:00
[2023-06-19T12:03:00.468+0000] {processor.py:175} INFO - Processing /opt/airflow/dags/dag1.py took 0.086 seconds
[2023-06-19T12:03:30.519+0000] {processor.py:153} INFO - Started process (PID=4222) to work on /opt/airflow/dags/dag1.py
[2023-06-19T12:03:30.520+0000] {processor.py:743} INFO - Processing file /opt/airflow/dags/dag1.py for tasks to queue
[2023-06-19T12:03:30.521+0000] {logging_mixin.py:137} INFO - [2023-06-19T12:03:30.521+0000] {dagbag.py:538} INFO - Filling up the DagBag from /opt/airflow/dags/dag1.py
[2023-06-19T12:03:30.535+0000] {processor.py:753} INFO - DAG(s) dict_keys(['hello_world_dag_minute_time']) retrieved from /opt/airflow/dags/dag1.py
[2023-06-19T12:03:30.563+0000] {logging_mixin.py:137} INFO - [2023-06-19T12:03:30.563+0000] {dag.py:2690} INFO - Sync 1 DAGs
[2023-06-19T12:03:30.599+0000] {logging_mixin.py:137} INFO - [2023-06-19T12:03:30.598+0000] {dag.py:3441} INFO - Setting next_dagrun for hello_world_dag_minute_time to 2023-06-19T12:03:00+00:00, run_after=2023-06-19T12:04:00+00:00
[2023-06-19T12:03:30.628+0000] {processor.py:175} INFO - Processing /opt/airflow/dags/dag1.py took 0.113 seconds
[2023-06-19T12:04:00.678+0000] {processor.py:153} INFO - Started process (PID=4259) to work on /opt/airflow/dags/dag1.py
[2023-06-19T12:04:00.679+0000] {processor.py:743} INFO - Processing file /opt/airflow/dags/dag1.py for tasks to queue
[2023-06-19T12:04:00.680+0000] {logging_mixin.py:137} INFO - [2023-06-19T12:04:00.680+0000] {dagbag.py:538} INFO - Filling up the DagBag from /opt/airflow/dags/dag1.py
[2023-06-19T12:04:00.696+0000] {processor.py:753} INFO - DAG(s) dict_keys(['hello_world_dag_minute_time']) retrieved from /opt/airflow/dags/dag1.py
[2023-06-19T12:04:00.718+0000] {logging_mixin.py:137} INFO - [2023-06-19T12:04:00.718+0000] {dag.py:2690} INFO - Sync 1 DAGs
[2023-06-19T12:04:00.744+0000] {logging_mixin.py:137} INFO - [2023-06-19T12:04:00.744+0000] {dag.py:3441} INFO - Setting next_dagrun for hello_world_dag_minute_time to 2023-06-19T12:04:00+00:00, run_after=2023-06-19T12:05:00+00:00
[2023-06-19T12:04:00.765+0000] {processor.py:175} INFO - Processing /opt/airflow/dags/dag1.py took 0.091 seconds
[2023-06-19T12:04:30.862+0000] {processor.py:153} INFO - Started process (PID=4284) to work on /opt/airflow/dags/dag1.py
[2023-06-19T12:04:30.863+0000] {processor.py:743} INFO - Processing file /opt/airflow/dags/dag1.py for tasks to queue
[2023-06-19T12:04:30.863+0000] {logging_mixin.py:137} INFO - [2023-06-19T12:04:30.863+0000] {dagbag.py:538} INFO - Filling up the DagBag from /opt/airflow/dags/dag1.py
[2023-06-19T12:04:30.886+0000] {processor.py:753} INFO - DAG(s) dict_keys(['hello_world_dag_minute_time']) retrieved from /opt/airflow/dags/dag1.py
[2023-06-19T12:04:30.914+0000] {logging_mixin.py:137} INFO - [2023-06-19T12:04:30.913+0000] {dag.py:2690} INFO - Sync 1 DAGs
[2023-06-19T12:04:30.951+0000] {logging_mixin.py:137} INFO - [2023-06-19T12:04:30.951+0000] {dag.py:3441} INFO - Setting next_dagrun for hello_world_dag_minute_time to 2023-06-19T12:04:00+00:00, run_after=2023-06-19T12:05:00+00:00
[2023-06-19T12:04:30.978+0000] {processor.py:175} INFO - Processing /opt/airflow/dags/dag1.py took 0.121 seconds
[2023-06-19T12:05:00.997+0000] {processor.py:153} INFO - Started process (PID=4323) to work on /opt/airflow/dags/dag1.py
[2023-06-19T12:05:00.998+0000] {processor.py:743} INFO - Processing file /opt/airflow/dags/dag1.py for tasks to queue
[2023-06-19T12:05:00.999+0000] {logging_mixin.py:137} INFO - [2023-06-19T12:05:00.999+0000] {dagbag.py:538} INFO - Filling up the DagBag from /opt/airflow/dags/dag1.py
[2023-06-19T12:05:01.019+0000] {processor.py:753} INFO - DAG(s) dict_keys(['hello_world_dag_minute_time']) retrieved from /opt/airflow/dags/dag1.py
[2023-06-19T12:05:01.051+0000] {logging_mixin.py:137} INFO - [2023-06-19T12:05:01.051+0000] {dag.py:2690} INFO - Sync 1 DAGs
[2023-06-19T12:05:01.086+0000] {logging_mixin.py:137} INFO - [2023-06-19T12:05:01.086+0000] {dag.py:3441} INFO - Setting next_dagrun for hello_world_dag_minute_time to 2023-06-19T12:05:00+00:00, run_after=2023-06-19T12:06:00+00:00
[2023-06-19T12:05:01.115+0000] {processor.py:175} INFO - Processing /opt/airflow/dags/dag1.py took 0.121 seconds
[2023-06-19T12:05:31.206+0000] {processor.py:153} INFO - Started process (PID=4349) to work on /opt/airflow/dags/dag1.py
[2023-06-19T12:05:31.207+0000] {processor.py:743} INFO - Processing file /opt/airflow/dags/dag1.py for tasks to queue
[2023-06-19T12:05:31.207+0000] {logging_mixin.py:137} INFO - [2023-06-19T12:05:31.207+0000] {dagbag.py:538} INFO - Filling up the DagBag from /opt/airflow/dags/dag1.py
[2023-06-19T12:05:31.222+0000] {processor.py:753} INFO - DAG(s) dict_keys(['hello_world_dag_minute_time']) retrieved from /opt/airflow/dags/dag1.py
[2023-06-19T12:05:31.243+0000] {logging_mixin.py:137} INFO - [2023-06-19T12:05:31.242+0000] {dag.py:2690} INFO - Sync 1 DAGs
[2023-06-19T12:05:31.267+0000] {logging_mixin.py:137} INFO - [2023-06-19T12:05:31.267+0000] {dag.py:3441} INFO - Setting next_dagrun for hello_world_dag_minute_time to 2023-06-19T12:05:00+00:00, run_after=2023-06-19T12:06:00+00:00
[2023-06-19T12:05:31.287+0000] {processor.py:175} INFO - Processing /opt/airflow/dags/dag1.py took 0.084 seconds
[2023-06-19T12:06:01.334+0000] {processor.py:153} INFO - Started process (PID=4386) to work on /opt/airflow/dags/dag1.py
[2023-06-19T12:06:01.335+0000] {processor.py:743} INFO - Processing file /opt/airflow/dags/dag1.py for tasks to queue
[2023-06-19T12:06:01.336+0000] {logging_mixin.py:137} INFO - [2023-06-19T12:06:01.336+0000] {dagbag.py:538} INFO - Filling up the DagBag from /opt/airflow/dags/dag1.py
[2023-06-19T12:06:01.352+0000] {processor.py:753} INFO - DAG(s) dict_keys(['hello_world_dag_minute_time']) retrieved from /opt/airflow/dags/dag1.py
[2023-06-19T12:06:01.374+0000] {logging_mixin.py:137} INFO - [2023-06-19T12:06:01.374+0000] {dag.py:2690} INFO - Sync 1 DAGs
[2023-06-19T12:06:01.400+0000] {logging_mixin.py:137} INFO - [2023-06-19T12:06:01.400+0000] {dag.py:3441} INFO - Setting next_dagrun for hello_world_dag_minute_time to 2023-06-19T12:06:00+00:00, run_after=2023-06-19T12:07:00+00:00
[2023-06-19T12:06:01.423+0000] {processor.py:175} INFO - Processing /opt/airflow/dags/dag1.py took 0.092 seconds
