[2023-06-19T11:56:51.037+0000] {taskinstance.py:1083} INFO - Dependencies all met for <TaskInstance: hello_world_dag_minute_time.hello_task scheduled__2023-06-19T11:54:00+00:00 [queued]>
[2023-06-19T11:56:51.046+0000] {taskinstance.py:1083} INFO - Dependencies all met for <TaskInstance: hello_world_dag_minute_time.hello_task scheduled__2023-06-19T11:54:00+00:00 [queued]>
[2023-06-19T11:56:51.046+0000] {taskinstance.py:1279} INFO - 
--------------------------------------------------------------------------------
[2023-06-19T11:56:51.046+0000] {taskinstance.py:1280} INFO - Starting attempt 1 of 1
[2023-06-19T11:56:51.046+0000] {taskinstance.py:1281} INFO - 
--------------------------------------------------------------------------------
[2023-06-19T11:56:51.063+0000] {taskinstance.py:1300} INFO - Executing <Task(PythonOperator): hello_task> on 2023-06-19 11:54:00+00:00
[2023-06-19T11:56:51.068+0000] {standard_task_runner.py:55} INFO - Started process 3751 to run task
[2023-06-19T11:56:51.072+0000] {standard_task_runner.py:82} INFO - Running: ['***', 'tasks', 'run', 'hello_world_dag_minute_time', 'hello_task', 'scheduled__2023-06-19T11:54:00+00:00', '--job-id', '61', '--raw', '--subdir', 'DAGS_FOLDER/dag1.py', '--cfg-path', '/tmp/tmpth8wy7b7']
[2023-06-19T11:56:51.072+0000] {standard_task_runner.py:83} INFO - Job 61: Subtask hello_task
[2023-06-19T11:56:51.149+0000] {task_command.py:388} INFO - Running <TaskInstance: hello_world_dag_minute_time.hello_task scheduled__2023-06-19T11:54:00+00:00 [running]> on host 735767e2c38d
[2023-06-19T11:56:51.244+0000] {taskinstance.py:1509} INFO - Exporting the following env vars:
AIRFLOW_CTX_DAG_OWNER=***
AIRFLOW_CTX_DAG_ID=hello_world_dag_minute_time
AIRFLOW_CTX_TASK_ID=hello_task
AIRFLOW_CTX_EXECUTION_DATE=2023-06-19T11:54:00+00:00
AIRFLOW_CTX_TRY_NUMBER=1
AIRFLOW_CTX_DAG_RUN_ID=scheduled__2023-06-19T11:54:00+00:00
[2023-06-19T11:56:51.244+0000] {logging_mixin.py:137} INFO - #############################################
[2023-06-19T11:56:51.245+0000] {logging_mixin.py:137} INFO -   Hello, AIRFLOW!
[2023-06-19T11:56:51.245+0000] {logging_mixin.py:137} INFO - 23-06-19 13:56:51
[2023-06-19T11:56:51.245+0000] {logging_mixin.py:137} INFO - #############################################
[2023-06-19T11:56:51.245+0000] {python.py:177} INFO - Done. Returned value was: None
[2023-06-19T11:56:51.254+0000] {taskinstance.py:1323} INFO - Marking task as SUCCESS. dag_id=hello_world_dag_minute_time, task_id=hello_task, execution_date=20230619T115400, start_date=20230619T115651, end_date=20230619T115651
[2023-06-19T11:56:51.286+0000] {local_task_job.py:208} INFO - Task exited with return code 0
[2023-06-19T11:56:51.304+0000] {taskinstance.py:2578} INFO - 0 downstream tasks scheduled from follow-on schedule check
